{"numFailedTestSuites":1,"numFailedTests":0,"numPassedTestSuites":28,"numPassedTests":28,"numPendingTestSuites":4,"numPendingTests":4,"numRuntimeErrorTestSuites":1,"numTodoTests":0,"numTotalTestSuites":33,"numTotalTests":32,"openHandles":[],"snapshot":{"added":0,"didUpdate":false,"failure":false,"filesAdded":0,"filesRemoved":0,"filesRemovedList":[],"filesUnmatched":0,"filesUpdated":0,"matched":0,"total":0,"unchecked":0,"uncheckedKeysByFile":[],"unmatched":0,"updated":0},"startTime":1650562181725,"success":false,"testResults":[{"assertionResults":[{"ancestorTitles":["LinkedInput"],"failureMessages":[],"fullName":"LinkedInput renders","location":null,"status":"pending","title":"renders"}],"endTime":1650562206692,"message":"","name":"/Users/evan/Desktop/work/thewebuiguy-components/src/components/LinkedInput/__tests__/LinkedInput.test.tsx","startTime":1650562184068,"status":"passed","summary":""},{"assertionResults":[{"ancestorTitles":["DraggableItem"],"failureMessages":[],"fullName":"DraggableItem renders","location":null,"status":"passed","title":"renders"}],"endTime":1650562207515,"message":"","name":"/Users/evan/Desktop/work/thewebuiguy-components/src/components/DraggableItem/__tests__/DraggableItem.test.tsx","startTime":1650562184065,"status":"passed","summary":""},{"assertionResults":[{"ancestorTitles":["AccountDetailsLayout"],"failureMessages":[],"fullName":"AccountDetailsLayout renders","location":null,"status":"passed","title":"renders"}],"endTime":1650562207545,"message":"","name":"/Users/evan/Desktop/work/thewebuiguy-components/src/components/AccountDetailsLayout/__tests__/AccountDetailsLayout.test.tsx","startTime":1650562184086,"status":"passed","summary":""},{"assertionResults":[{"ancestorTitles":["FourOhFour"],"failureMessages":[],"fullName":"FourOhFour renders","location":null,"status":"passed","title":"renders"}],"endTime":1650562207803,"message":"","name":"/Users/evan/Desktop/work/thewebuiguy-components/src/components/FourOhFour/__tests__/FourOhFour.test.tsx","startTime":1650562184032,"status":"passed","summary":""},{"assertionResults":[{"ancestorTitles":["StatWithChange"],"failureMessages":[],"fullName":"StatWithChange renders","location":null,"status":"passed","title":"renders"}],"endTime":1650562207990,"message":"","name":"/Users/evan/Desktop/work/thewebuiguy-components/src/components/StatWithChange/__tests__/StatWithChange.test.tsx","startTime":1650562183971,"status":"passed","summary":""},{"assertionResults":[{"ancestorTitles":["ActivityFeed"],"failureMessages":[],"fullName":"ActivityFeed renders","location":null,"status":"passed","title":"renders"}],"endTime":1650562208092,"message":"","name":"/Users/evan/Desktop/work/thewebuiguy-components/src/components/ActivityFeed/__tests__/ActivityFeed.test.tsx","startTime":1650562183971,"status":"passed","summary":""},{"assertionResults":[],"coverage":{},"endTime":1650562219307,"message":"  \u001b[1m● \u001b[22mTest suite failed to run\n\n    \u001b[96msrc/components/EmptyState/__tests__/EmptyState.test.tsx\u001b[0m:\u001b[93m5\u001b[0m:\u001b[93m7\u001b[0m - \u001b[91merror\u001b[0m\u001b[90m TS2741: \u001b[0mProperty 'Icon' is missing in type '{ title: string; subtitle: string; cta: string; ctaCallback: () => void; }' but required in type 'EmptyStateProps'.\n\n    \u001b[7m5\u001b[0m const defaultProps: EmptyStateProps = {\n    \u001b[7m \u001b[0m \u001b[91m      ~~~~~~~~~~~~\u001b[0m\n\n      \u001b[96msrc/components/EmptyState/EmptyState.tsx\u001b[0m:\u001b[93m14\u001b[0m:\u001b[93m3\u001b[0m\n        \u001b[7m14\u001b[0m   Icon: any;\n        \u001b[7m  \u001b[0m \u001b[96m  ~~~~\u001b[0m\n        'Icon' is declared here.\n","name":"/Users/evan/Desktop/work/thewebuiguy-components/src/components/EmptyState/__tests__/EmptyState.test.tsx","startTime":1650562219307,"status":"failed","summary":""},{"assertionResults":[{"ancestorTitles":["TableSortIndicator"],"failureMessages":[],"fullName":"TableSortIndicator renders","location":null,"status":"passed","title":"renders"}],"endTime":1650562210555,"message":"","name":"/Users/evan/Desktop/work/thewebuiguy-components/src/components/TableSortIndicator/__tests__/TableSortIndicator.test.tsx","startTime":1650562207663,"status":"passed","summary":""},{"assertionResults":[{"ancestorTitles":["TextArea"],"failureMessages":[],"fullName":"TextArea renders","location":null,"status":"passed","title":"renders"}],"endTime":1650562210587,"message":"","name":"/Users/evan/Desktop/work/thewebuiguy-components/src/components/TextArea/__tests__/TextArea.test.tsx","startTime":1650562207944,"status":"passed","summary":""},{"assertionResults":[{"ancestorTitles":["Dropdown"],"failureMessages":[],"fullName":"Dropdown renders","location":null,"status":"passed","title":"renders"}],"endTime":1650562210744,"message":"","name":"/Users/evan/Desktop/work/thewebuiguy-components/src/components/Dropdown/__tests__/Dropdown.test.tsx","startTime":1650562183997,"status":"passed","summary":""},{"assertionResults":[{"ancestorTitles":["Pagination"],"failureMessages":[],"fullName":"Pagination renders","location":null,"status":"passed","title":"renders"}],"endTime":1650562210766,"message":"","name":"/Users/evan/Desktop/work/thewebuiguy-components/src/components/Pagination/__tests__/Pagination.test.tsx","startTime":1650562208076,"status":"passed","summary":""},{"assertionResults":[{"ancestorTitles":["PageTitle"],"failureMessages":[],"fullName":"PageTitle renders","location":null,"status":"passed","title":"renders"}],"endTime":1650562210938,"message":"","name":"/Users/evan/Desktop/work/thewebuiguy-components/src/components/PageTitle/__tests__/PageTitle.test.tsx","startTime":1650562208194,"status":"passed","summary":""},{"assertionResults":[{"ancestorTitles":["SearchInput"],"failureMessages":[],"fullName":"SearchInput renders","location":null,"status":"passed","title":"renders"}],"endTime":1650562211327,"message":"","name":"/Users/evan/Desktop/work/thewebuiguy-components/src/components/SearchInput/__tests__/SearchInput.test.tsx","startTime":1650562208509,"status":"passed","summary":""},{"assertionResults":[{"ancestorTitles":["Button"],"failureMessages":[],"fullName":"Button renders","location":null,"status":"passed","title":"renders"}],"endTime":1650562212925,"message":"","name":"/Users/evan/Desktop/work/thewebuiguy-components/src/components/Button/__tests__/Button.test.tsx","startTime":1650562210651,"status":"passed","summary":""},{"assertionResults":[{"ancestorTitles":["Tabs"],"failureMessages":[],"fullName":"Tabs renders","location":null,"status":"passed","title":"renders"}],"endTime":1650562213106,"message":"","name":"/Users/evan/Desktop/work/thewebuiguy-components/src/components/Tabs/__tests__/Tabs.test.tsx","startTime":1650562210628,"status":"passed","summary":""},{"assertionResults":[{"ancestorTitles":["ButtonOutline"],"failureMessages":[],"fullName":"ButtonOutline renders","location":null,"status":"passed","title":"renders"}],"endTime":1650562213161,"message":"","name":"/Users/evan/Desktop/work/thewebuiguy-components/src/components/ButtonOutline/__tests__/ButtonOutline.test.tsx","startTime":1650562210983,"status":"passed","summary":""},{"assertionResults":[{"ancestorTitles":["ExternalLink"],"failureMessages":[],"fullName":"ExternalLink renders","location":null,"status":"passed","title":"renders"}],"endTime":1650562213283,"message":"","name":"/Users/evan/Desktop/work/thewebuiguy-components/src/components/ExternalLink/__tests__/ExternalLink.test.tsx","startTime":1650562211421,"status":"passed","summary":""},{"assertionResults":[{"ancestorTitles":["Pill"],"failureMessages":[],"fullName":"Pill renders","location":null,"status":"passed","title":"renders"}],"endTime":1650562213277,"message":"","name":"/Users/evan/Desktop/work/thewebuiguy-components/src/components/Pill/__tests__/Pill.test.tsx","startTime":1650562210905,"status":"passed","summary":""},{"assertionResults":[{"ancestorTitles":["Stats"],"failureMessages":[],"fullName":"Stats renders","location":null,"status":"passed","title":"renders"}],"endTime":1650562213330,"message":"","name":"/Users/evan/Desktop/work/thewebuiguy-components/src/components/Stats/__tests__/Stats.test.tsx","startTime":1650562210835,"status":"passed","summary":""},{"assertionResults":[{"ancestorTitles":["HomePageSectionTitle"],"failureMessages":[],"fullName":"HomePageSectionTitle renders","location":null,"status":"passed","title":"renders"}],"endTime":1650562215074,"message":"","name":"/Users/evan/Desktop/work/thewebuiguy-components/src/components/HomePageSectionTitle/__tests__/HomePageSectionTitle.test.tsx","startTime":1650562212966,"status":"passed","summary":""},{"assertionResults":[{"ancestorTitles":["TableHeader"],"failureMessages":[],"fullName":"TableHeader renders","location":null,"status":"passed","title":"renders"}],"endTime":1650562215474,"message":"","name":"/Users/evan/Desktop/work/thewebuiguy-components/src/components/TableHeader/__tests__/TableHeader.test.tsx","startTime":1650562213200,"status":"passed","summary":""},{"assertionResults":[{"ancestorTitles":["TableCell"],"failureMessages":[],"fullName":"TableCell renders","location":null,"status":"passed","title":"renders"}],"endTime":1650562215485,"message":"","name":"/Users/evan/Desktop/work/thewebuiguy-components/src/components/TableCell/__tests__/TableCell.test.tsx","startTime":1650562213157,"status":"passed","summary":""},{"assertionResults":[{"ancestorTitles":["TableSortPill"],"failureMessages":[],"fullName":"TableSortPill renders","location":null,"status":"passed","title":"renders"}],"endTime":1650562215525,"message":"","name":"/Users/evan/Desktop/work/thewebuiguy-components/src/components/TableSortPill/__tests__/TableSortPill.test.tsx","startTime":1650562213392,"status":"passed","summary":""},{"assertionResults":[{"ancestorTitles":["NoData"],"failureMessages":[],"fullName":"NoData renders","location":null,"status":"passed","title":"renders"}],"endTime":1650562215471,"message":"","name":"/Users/evan/Desktop/work/thewebuiguy-components/src/components/NoData/__tests__/NoData.test.tsx","startTime":1650562213398,"status":"passed","summary":""},{"assertionResults":[{"ancestorTitles":["Radio"],"failureMessages":[],"fullName":"Radio renders","location":null,"status":"passed","title":"renders"}],"endTime":1650562215558,"message":"","name":"/Users/evan/Desktop/work/thewebuiguy-components/src/components/Radio/__tests__/Radio.test.tsx","startTime":1650562213409,"status":"passed","summary":""},{"assertionResults":[{"ancestorTitles":["Modal"],"failureMessages":[],"fullName":"Modal renders","location":null,"status":"passed","title":"renders"}],"endTime":1650562216851,"message":"","name":"/Users/evan/Desktop/work/thewebuiguy-components/src/components/Modal/__tests__/Modal.test.tsx","startTime":1650562207601,"status":"passed","summary":""},{"assertionResults":[{"ancestorTitles":["Checkbox"],"failureMessages":[],"fullName":"Checkbox renders","location":null,"status":"passed","title":"renders"}],"endTime":1650562217034,"message":"","name":"/Users/evan/Desktop/work/thewebuiguy-components/src/components/Checkbox/__tests__/Checkbox.test.tsx","startTime":1650562215150,"status":"passed","summary":""},{"assertionResults":[{"ancestorTitles":["Toggle"],"failureMessages":[],"fullName":"Toggle renders","location":null,"status":"pending","title":"renders"}],"endTime":1650562217103,"message":"","name":"/Users/evan/Desktop/work/thewebuiguy-components/src/components/Toggle/__tests__/Toggle.test.tsx","startTime":1650562215651,"status":"passed","summary":""},{"assertionResults":[{"ancestorTitles":["Input"],"failureMessages":[],"fullName":"Input renders","location":null,"status":"passed","title":"renders"}],"endTime":1650562217241,"message":"","name":"/Users/evan/Desktop/work/thewebuiguy-components/src/components/Input/__tests__/Input.test.tsx","startTime":1650562215490,"status":"passed","summary":""},{"assertionResults":[{"ancestorTitles":["SectionTitle"],"failureMessages":[],"fullName":"SectionTitle renders","location":null,"status":"passed","title":"renders"}],"endTime":1650562217280,"message":"","name":"/Users/evan/Desktop/work/thewebuiguy-components/src/components/SectionTitle/__tests__/SectionTitle.test.tsx","startTime":1650562215577,"status":"passed","summary":""},{"assertionResults":[{"ancestorTitles":["Alert"],"failureMessages":[],"fullName":"Alert renders","location":null,"status":"passed","title":"renders"}],"endTime":1650562217333,"message":"","name":"/Users/evan/Desktop/work/thewebuiguy-components/src/components/Alert/__tests__/Alert.test.tsx","startTime":1650562215584,"status":"passed","summary":""},{"assertionResults":[{"ancestorTitles":["Select"],"failureMessages":[],"fullName":"Select renders","location":null,"status":"pending","title":"renders"}],"endTime":1650562217509,"message":"","name":"/Users/evan/Desktop/work/thewebuiguy-components/src/components/Select/__tests__/Select.test.tsx","startTime":1650562215601,"status":"passed","summary":""},{"assertionResults":[{"ancestorTitles":["InputGroup"],"failureMessages":[],"fullName":"InputGroup renders","location":null,"status":"pending","title":"renders"}],"endTime":1650562218700,"message":"","name":"/Users/evan/Desktop/work/thewebuiguy-components/src/components/InputGroup/__tests__/InputGroup.test.tsx","startTime":1650562216898,"status":"passed","summary":""}],"wasInterrupted":false}